<?xml version="1.0" encoding="UTF-8"?>
<testng-results ignored="0" total="3" passed="3" failed="0" skipped="0">
  <reporter-output>
  </reporter-output>
  <suite started-at="2022-09-19T12:30:05 IST" name="Suite" finished-at="2022-09-19T12:30:58 IST" duration-ms="53778">
    <groups>
    </groups>
    <test started-at="2022-09-19T12:30:05 IST" name="Test" finished-at="2022-09-19T12:30:58 IST" duration-ms="53778">
      <class name="mobileworld">
        <test-method signature="test()[pri:3, instance:mobileworld@6fdbe764]" started-at="2022-09-19T12:30:13 IST" name="test" finished-at="2022-09-19T12:30:54 IST" duration-ms="41499" status="PASS">
          <reporter-output>
          </reporter-output>
        </test-method> <!-- test -->
      </class> <!-- mobileworld -->
      <class name="Signup">
        <test-method signature="test()[pri:1, instance:Signup@51c668e3]" started-at="2022-09-19T12:30:54 IST" name="test" finished-at="2022-09-19T12:30:58 IST" duration-ms="4428" status="PASS">
          <reporter-output>
          </reporter-output>
        </test-method> <!-- test -->
      </class> <!-- Signup -->
      <class name="Signin">
        <test-method signature="register()[pri:2, instance:Signin@272113c4]" started-at="2022-09-19T12:30:05 IST" name="register" finished-at="2022-09-19T12:30:13 IST" duration-ms="7777" status="PASS">
          <reporter-output>
          </reporter-output>
        </test-method> <!-- register -->
      </class> <!-- Signin -->
    </test> <!-- Test -->
  </suite> <!-- Suite -->
</testng-results>
